<?xml version="1.0" encoding="UTF-8"?>
<!-- Generated by org.testng.reporters.JUnitReportReporter -->
<testsuite name="Login.signIn" tests="1" time="12.130" ignored="0" failures="0" timestamp="01 Feb 2017 06:18:28 GMT" skipped="0" hostname="DESKTOP-EE18ID3" errors="0">
  <testcase name="signInCheckvalid" time="12.130" classname="Login.signIn"/>
</testsuite> <!-- Login.signIn -->
